Vivado Simulator 2020.1
Copyright 1986-1999, 2001-2020 Xilinx, Inc. All Rights Reserved.
Running: C:/Xilinx2020/Vivado/2020.1/bin/unwrapped/win64.o/xelab.exe -wto 1f935db0c01f45b2bb02618c333a9562 --incr --debug typical --relax --mt 2 -L xil_defaultlib -L secureip --snapshot tbESCOMIPS_behav xil_defaultlib.tbESCOMIPS -log elaborate.log 
Using 2 slave threads.
Starting static elaboration
Completed static elaboration
Starting simulation data flow analysis
Completed simulation data flow analysis
Time Resolution for simulation is 1ps
Compiling package std.standard
Compiling package std.textio
Compiling package ieee.std_logic_1164
Compiling package xil_defaultlib.componentesproce
Compiling package ieee.std_logic_arith
Compiling package ieee.std_logic_unsigned
Compiling architecture behavioral of entity xil_defaultlib.pila [pila_default]
Compiling architecture behavioral of entity xil_defaultlib.memProg [memprog_default]
Compiling architecture behavioral of entity xil_defaultlib.Registro16 [registro16_default]
Compiling architecture behavioral of entity xil_defaultlib.ExtensorSigno [extensorsigno_default]
Compiling architecture behavioral of entity xil_defaultlib.ExtensorDireccion [extensordireccion_default]
Compiling architecture behavioral of entity xil_defaultlib.alu [alu_default]
Compiling architecture behavioral of entity xil_defaultlib.aluComponentes [alucomponentes_default]
Compiling architecture behavioral of entity xil_defaultlib.UnidadC [unidadc_default]
Compiling architecture behavioral of entity xil_defaultlib.Condicion [condicion_default]
Compiling architecture behavioral of entity xil_defaultlib.decoIns [decoins_default]
Compiling architecture behavioral of entity xil_defaultlib.MfunCode [mfuncode_default]
Compiling architecture behavioral of entity xil_defaultlib.MopCode [mopcode_default]
Compiling architecture behavioral of entity xil_defaultlib.muxOpCode [muxopcode_default]
Compiling architecture behavioral of entity xil_defaultlib.muxCodes [muxcodes_default]
Compiling architecture behavioral of entity xil_defaultlib.Nivel [nivel_default]
Compiling architecture behavioral of entity xil_defaultlib.Registro [registro_default]
Compiling architecture behavioral of entity xil_defaultlib.unidadControlC [unidadcontrolc_default]
Compiling architecture behavioral of entity xil_defaultlib.memData [memdata_default]
Compiling architecture behavioral of entity xil_defaultlib.Multiplexor_16bits [multiplexor_16bits_default]
Compiling architecture behavioral of entity xil_defaultlib.Multiplexor_4bits [multiplexor_4bits_default]
Compiling architecture behavioral of entity xil_defaultlib.ESCOMIPS [escomips_default]
Compiling architecture behavioral of entity xil_defaultlib.tbescomips
Built simulation snapshot tbESCOMIPS_behav
