Vivado Simulator 2020.1
Copyright 1986-1999, 2001-2020 Xilinx, Inc. All Rights Reserved.
Running: C:/Xilinx/Vivado/2020.1/bin/unwrapped/win64.o/xelab.exe -wto 15dab7ac2fa647d48430cdb990275525 --incr --debug typical --relax --mt 2 -L xil_defaultlib -L secureip --snapshot sim_Contador_behav xil_defaultlib.sim_Contador -log elaborate.log 
Using 2 slave threads.
Starting static elaboration
WARNING: [VRFC 10-3813] value in initialization depends on signal 'n' [F:/Proyectos/Arquitectura de Computadoras/Primer Departamental/Practica9_Contador/Practica9_Contador.srcs/sim_1/new/sim_Contador.vhd:23]
WARNING: [VRFC 10-3813] value in initialization depends on signal 'n' [F:/Proyectos/Arquitectura de Computadoras/Primer Departamental/Practica9_Contador/Practica9_Contador.srcs/sim_1/new/sim_Contador.vhd:31]
Completed static elaboration
Starting simulation data flow analysis
Completed simulation data flow analysis
Time Resolution for simulation is 1ps
Compiling package std.standard
Compiling package std.textio
Compiling package ieee.std_logic_1164
Compiling package ieee.std_logic_arith
Compiling package ieee.std_logic_unsigned
Compiling package ieee.numeric_std
Compiling architecture behavioral of entity xil_defaultlib.Contador [contador_default]
Compiling architecture behavioral of entity xil_defaultlib.sim_contador
Built simulation snapshot sim_Contador_behav
