
*** Running vivado
    with args -log ESCOMIPS.vds -m64 -product Vivado -mode batch -messageDb vivado.pb -notrace -source ESCOMIPS.tcl



****** Vivado v2020.1 (64-bit)
  **** SW Build 2902540 on Wed May 27 19:54:49 MDT 2020
  **** IP Build 2902112 on Wed May 27 22:43:36 MDT 2020
    ** Copyright 1986-2020 Xilinx, Inc. All Rights Reserved.

source ESCOMIPS.tcl -notrace
Command: synth_design -top ESCOMIPS -part xc7a100tcsg324-1
Starting synth_design
Attempting to get a license for feature 'Synthesis' and/or device 'xc7a100t'
INFO: [Common 17-349] Got license for feature 'Synthesis' and/or device 'xc7a100t'
INFO: [Synth 8-7079] Multithreading enabled for synth_design using a maximum of 2 processes.
INFO: [Synth 8-7078] Launching helper process for spawning children vivado processes
INFO: [Synth 8-7075] Helper process launched with PID 12556
---------------------------------------------------------------------------------
Starting Synthesize : Time (s): cpu = 00:00:05 ; elapsed = 00:00:06 . Memory (MB): peak = 1026.668 ; gain = 0.000
---------------------------------------------------------------------------------
INFO: [Synth 8-638] synthesizing module 'ESCOMIPS' [F:/Proyectos/Arquitectura de Computadoras/Primer Departamental/ESCOMIPS/ESCOMIPS.srcs/sources_1/new/ESCOMIPS.vhd:13]
INFO: [Synth 8-3491] module 'pila' declared at 'F:/Proyectos/Arquitectura de Computadoras/Primer Departamental/ESCOMIPS/ESCOMIPS.srcs/sources_1/new/pila.vhd:6' bound to instance 'STACK' of component 'pila' [F:/Proyectos/Arquitectura de Computadoras/Primer Departamental/ESCOMIPS/ESCOMIPS.srcs/sources_1/new/ESCOMIPS.vhd:32]
INFO: [Synth 8-638] synthesizing module 'pila' [F:/Proyectos/Arquitectura de Computadoras/Primer Departamental/ESCOMIPS/ESCOMIPS.srcs/sources_1/new/pila.vhd:13]
INFO: [Synth 8-256] done synthesizing module 'pila' (1#1) [F:/Proyectos/Arquitectura de Computadoras/Primer Departamental/ESCOMIPS/ESCOMIPS.srcs/sources_1/new/pila.vhd:13]
	Parameter m bound to: 9 - type: integer 
	Parameter n bound to: 25 - type: integer 
INFO: [Synth 8-3491] module 'memProg' declared at 'F:/Proyectos/Arquitectura de Computadoras/Primer Departamental/ESCOMIPS/ESCOMIPS.srcs/sources_1/new/memProg.vhd:6' bound to instance 'Mem_Prog' of component 'memProg' [F:/Proyectos/Arquitectura de Computadoras/Primer Departamental/ESCOMIPS/ESCOMIPS.srcs/sources_1/new/ESCOMIPS.vhd:42]
INFO: [Synth 8-638] synthesizing module 'memProg' [F:/Proyectos/Arquitectura de Computadoras/Primer Departamental/ESCOMIPS/ESCOMIPS.srcs/sources_1/new/memProg.vhd:15]
	Parameter m bound to: 9 - type: integer 
	Parameter n bound to: 25 - type: integer 
INFO: [Synth 8-256] done synthesizing module 'memProg' (2#1) [F:/Proyectos/Arquitectura de Computadoras/Primer Departamental/ESCOMIPS/ESCOMIPS.srcs/sources_1/new/memProg.vhd:15]
INFO: [Synth 8-3491] module 'Registro16' declared at 'F:/Proyectos/Arquitectura de Computadoras/Primer Departamental/ESCOMIPS/ESCOMIPS.srcs/sources_1/new/Registro16.vhd:6' bound to instance 'Arch_Reg' of component 'Registro16' [F:/Proyectos/Arquitectura de Computadoras/Primer Departamental/ESCOMIPS/ESCOMIPS.srcs/sources_1/new/ESCOMIPS.vhd:47]
INFO: [Synth 8-638] synthesizing module 'Registro16' [F:/Proyectos/Arquitectura de Computadoras/Primer Departamental/ESCOMIPS/ESCOMIPS.srcs/sources_1/new/Registro16.vhd:21]
INFO: [Synth 8-256] done synthesizing module 'Registro16' (3#1) [F:/Proyectos/Arquitectura de Computadoras/Primer Departamental/ESCOMIPS/ESCOMIPS.srcs/sources_1/new/Registro16.vhd:21]
INFO: [Synth 8-3491] module 'ExtensorSigno' declared at 'C:/Users/David/Downloads/ESCOMIPS/ExtensorSigno/ExtensorSigno.srcs/sources_1/new/ExtensorSigno.vhd:4' bound to instance 'ES' of component 'ExtensorSigno' [F:/Proyectos/Arquitectura de Computadoras/Primer Departamental/ESCOMIPS/ESCOMIPS.srcs/sources_1/new/ESCOMIPS.vhd:62]
INFO: [Synth 8-638] synthesizing module 'ExtensorSigno' [C:/Users/David/Downloads/ESCOMIPS/ExtensorSigno/ExtensorSigno.srcs/sources_1/new/ExtensorSigno.vhd:9]
INFO: [Synth 8-256] done synthesizing module 'ExtensorSigno' (4#1) [C:/Users/David/Downloads/ESCOMIPS/ExtensorSigno/ExtensorSigno.srcs/sources_1/new/ExtensorSigno.vhd:9]
INFO: [Synth 8-3491] module 'ExtensorDireccion' declared at 'C:/Users/David/Downloads/ESCOMIPS/ExtensorDireccion/ExtensorDireccion.srcs/sources_1/new/ExtensorDireccion.vhd:4' bound to instance 'ED' of component 'ExtensorDireccion' [F:/Proyectos/Arquitectura de Computadoras/Primer Departamental/ESCOMIPS/ESCOMIPS.srcs/sources_1/new/ESCOMIPS.vhd:67]
INFO: [Synth 8-638] synthesizing module 'ExtensorDireccion' [C:/Users/David/Downloads/ESCOMIPS/ExtensorDireccion/ExtensorDireccion.srcs/sources_1/new/ExtensorDireccion.vhd:9]
INFO: [Synth 8-256] done synthesizing module 'ExtensorDireccion' (5#1) [C:/Users/David/Downloads/ESCOMIPS/ExtensorDireccion/ExtensorDireccion.srcs/sources_1/new/ExtensorDireccion.vhd:9]
	Parameter N bound to: 16 - type: integer 
INFO: [Synth 8-3491] module 'aluComponentes' declared at 'F:/Proyectos/Arquitectura de Computadoras/Primer Departamental/ESCOMIPS/ESCOMIPS.srcs/sources_1/new/aluComponentes.vhd:4' bound to instance 'ALU' of component 'aluComponentes' [F:/Proyectos/Arquitectura de Computadoras/Primer Departamental/ESCOMIPS/ESCOMIPS.srcs/sources_1/new/ESCOMIPS.vhd:72]
INFO: [Synth 8-638] synthesizing module 'aluComponentes' [F:/Proyectos/Arquitectura de Computadoras/Primer Departamental/ESCOMIPS/ESCOMIPS.srcs/sources_1/new/aluComponentes.vhd:14]
	Parameter N bound to: 16 - type: integer 
INFO: [Synth 8-3491] module 'alu' declared at 'F:/Proyectos/Arquitectura de Computadoras/Primer Departamental/ESCOMIPS/ESCOMIPS.srcs/sources_1/new/alu.vhd:4' bound to instance 'objAlu' of component 'alu' [F:/Proyectos/Arquitectura de Computadoras/Primer Departamental/ESCOMIPS/ESCOMIPS.srcs/sources_1/new/aluComponentes.vhd:32]
INFO: [Synth 8-638] synthesizing module 'alu' [F:/Proyectos/Arquitectura de Computadoras/Primer Departamental/ESCOMIPS/ESCOMIPS.srcs/sources_1/new/alu.vhd:12]
INFO: [Synth 8-256] done synthesizing module 'alu' (6#1) [F:/Proyectos/Arquitectura de Computadoras/Primer Departamental/ESCOMIPS/ESCOMIPS.srcs/sources_1/new/alu.vhd:12]
INFO: [Synth 8-3491] module 'alu' declared at 'F:/Proyectos/Arquitectura de Computadoras/Primer Departamental/ESCOMIPS/ESCOMIPS.srcs/sources_1/new/alu.vhd:4' bound to instance 'objAlu' of component 'alu' [F:/Proyectos/Arquitectura de Computadoras/Primer Departamental/ESCOMIPS/ESCOMIPS.srcs/sources_1/new/aluComponentes.vhd:32]
INFO: [Synth 8-3491] module 'alu' declared at 'F:/Proyectos/Arquitectura de Computadoras/Primer Departamental/ESCOMIPS/ESCOMIPS.srcs/sources_1/new/alu.vhd:4' bound to instance 'objAlu' of component 'alu' [F:/Proyectos/Arquitectura de Computadoras/Primer Departamental/ESCOMIPS/ESCOMIPS.srcs/sources_1/new/aluComponentes.vhd:32]
INFO: [Synth 8-3491] module 'alu' declared at 'F:/Proyectos/Arquitectura de Computadoras/Primer Departamental/ESCOMIPS/ESCOMIPS.srcs/sources_1/new/alu.vhd:4' bound to instance 'objAlu' of component 'alu' [F:/Proyectos/Arquitectura de Computadoras/Primer Departamental/ESCOMIPS/ESCOMIPS.srcs/sources_1/new/aluComponentes.vhd:32]
INFO: [Synth 8-3491] module 'alu' declared at 'F:/Proyectos/Arquitectura de Computadoras/Primer Departamental/ESCOMIPS/ESCOMIPS.srcs/sources_1/new/alu.vhd:4' bound to instance 'objAlu' of component 'alu' [F:/Proyectos/Arquitectura de Computadoras/Primer Departamental/ESCOMIPS/ESCOMIPS.srcs/sources_1/new/aluComponentes.vhd:32]
INFO: [Synth 8-3491] module 'alu' declared at 'F:/Proyectos/Arquitectura de Computadoras/Primer Departamental/ESCOMIPS/ESCOMIPS.srcs/sources_1/new/alu.vhd:4' bound to instance 'objAlu' of component 'alu' [F:/Proyectos/Arquitectura de Computadoras/Primer Departamental/ESCOMIPS/ESCOMIPS.srcs/sources_1/new/aluComponentes.vhd:32]
INFO: [Synth 8-3491] module 'alu' declared at 'F:/Proyectos/Arquitectura de Computadoras/Primer Departamental/ESCOMIPS/ESCOMIPS.srcs/sources_1/new/alu.vhd:4' bound to instance 'objAlu' of component 'alu' [F:/Proyectos/Arquitectura de Computadoras/Primer Departamental/ESCOMIPS/ESCOMIPS.srcs/sources_1/new/aluComponentes.vhd:32]
INFO: [Synth 8-3491] module 'alu' declared at 'F:/Proyectos/Arquitectura de Computadoras/Primer Departamental/ESCOMIPS/ESCOMIPS.srcs/sources_1/new/alu.vhd:4' bound to instance 'objAlu' of component 'alu' [F:/Proyectos/Arquitectura de Computadoras/Primer Departamental/ESCOMIPS/ESCOMIPS.srcs/sources_1/new/aluComponentes.vhd:32]
INFO: [Synth 8-3491] module 'alu' declared at 'F:/Proyectos/Arquitectura de Computadoras/Primer Departamental/ESCOMIPS/ESCOMIPS.srcs/sources_1/new/alu.vhd:4' bound to instance 'objAlu' of component 'alu' [F:/Proyectos/Arquitectura de Computadoras/Primer Departamental/ESCOMIPS/ESCOMIPS.srcs/sources_1/new/aluComponentes.vhd:32]
INFO: [Synth 8-3491] module 'alu' declared at 'F:/Proyectos/Arquitectura de Computadoras/Primer Departamental/ESCOMIPS/ESCOMIPS.srcs/sources_1/new/alu.vhd:4' bound to instance 'objAlu' of component 'alu' [F:/Proyectos/Arquitectura de Computadoras/Primer Departamental/ESCOMIPS/ESCOMIPS.srcs/sources_1/new/aluComponentes.vhd:32]
INFO: [Synth 8-3491] module 'alu' declared at 'F:/Proyectos/Arquitectura de Computadoras/Primer Departamental/ESCOMIPS/ESCOMIPS.srcs/sources_1/new/alu.vhd:4' bound to instance 'objAlu' of component 'alu' [F:/Proyectos/Arquitectura de Computadoras/Primer Departamental/ESCOMIPS/ESCOMIPS.srcs/sources_1/new/aluComponentes.vhd:32]
INFO: [Synth 8-3491] module 'alu' declared at 'F:/Proyectos/Arquitectura de Computadoras/Primer Departamental/ESCOMIPS/ESCOMIPS.srcs/sources_1/new/alu.vhd:4' bound to instance 'objAlu' of component 'alu' [F:/Proyectos/Arquitectura de Computadoras/Primer Departamental/ESCOMIPS/ESCOMIPS.srcs/sources_1/new/aluComponentes.vhd:32]
INFO: [Synth 8-3491] module 'alu' declared at 'F:/Proyectos/Arquitectura de Computadoras/Primer Departamental/ESCOMIPS/ESCOMIPS.srcs/sources_1/new/alu.vhd:4' bound to instance 'objAlu' of component 'alu' [F:/Proyectos/Arquitectura de Computadoras/Primer Departamental/ESCOMIPS/ESCOMIPS.srcs/sources_1/new/aluComponentes.vhd:32]
INFO: [Synth 8-3491] module 'alu' declared at 'F:/Proyectos/Arquitectura de Computadoras/Primer Departamental/ESCOMIPS/ESCOMIPS.srcs/sources_1/new/alu.vhd:4' bound to instance 'objAlu' of component 'alu' [F:/Proyectos/Arquitectura de Computadoras/Primer Departamental/ESCOMIPS/ESCOMIPS.srcs/sources_1/new/aluComponentes.vhd:32]
INFO: [Synth 8-3491] module 'alu' declared at 'F:/Proyectos/Arquitectura de Computadoras/Primer Departamental/ESCOMIPS/ESCOMIPS.srcs/sources_1/new/alu.vhd:4' bound to instance 'objAlu' of component 'alu' [F:/Proyectos/Arquitectura de Computadoras/Primer Departamental/ESCOMIPS/ESCOMIPS.srcs/sources_1/new/aluComponentes.vhd:32]
INFO: [Synth 8-3491] module 'alu' declared at 'F:/Proyectos/Arquitectura de Computadoras/Primer Departamental/ESCOMIPS/ESCOMIPS.srcs/sources_1/new/alu.vhd:4' bound to instance 'objAlu' of component 'alu' [F:/Proyectos/Arquitectura de Computadoras/Primer Departamental/ESCOMIPS/ESCOMIPS.srcs/sources_1/new/aluComponentes.vhd:32]
INFO: [Synth 8-256] done synthesizing module 'aluComponentes' (7#1) [F:/Proyectos/Arquitectura de Computadoras/Primer Departamental/ESCOMIPS/ESCOMIPS.srcs/sources_1/new/aluComponentes.vhd:14]
INFO: [Synth 8-3491] module 'unidadControlC' declared at 'C:/Users/David/Downloads/Practica11/unidadControlC/project_1.srcs/sources_1/new/unidadControlC.vhd:4' bound to instance 'UC' of component 'unidadControlC' [F:/Proyectos/Arquitectura de Computadoras/Primer Departamental/ESCOMIPS/ESCOMIPS.srcs/sources_1/new/ESCOMIPS.vhd:85]
INFO: [Synth 8-638] synthesizing module 'unidadControlC' [C:/Users/David/Downloads/Practica11/unidadControlC/project_1.srcs/sources_1/new/unidadControlC.vhd:12]
INFO: [Synth 8-3491] module 'UnidadC' declared at 'C:/Users/David/Downloads/Practica11/unidadC/unidadC.srcs/sources_1/new/UnidadC.vhd:4' bound to instance 'uc' of component 'UnidadC' [C:/Users/David/Downloads/Practica11/unidadControlC/project_1.srcs/sources_1/new/unidadControlC.vhd:78]
INFO: [Synth 8-638] synthesizing module 'UnidadC' [C:/Users/David/Downloads/Practica11/unidadC/unidadC.srcs/sources_1/new/UnidadC.vhd:12]
INFO: [Synth 8-256] done synthesizing module 'UnidadC' (8#1) [C:/Users/David/Downloads/Practica11/unidadC/unidadC.srcs/sources_1/new/UnidadC.vhd:12]
INFO: [Synth 8-3491] module 'Condicion' declared at 'C:/Users/David/Downloads/Practica11/Condicion/Condicion.srcs/sources_1/new/Condicion.vhd:4' bound to instance 'con' of component 'Condicion' [C:/Users/David/Downloads/Practica11/unidadControlC/project_1.srcs/sources_1/new/unidadControlC.vhd:100]
INFO: [Synth 8-638] synthesizing module 'Condicion' [C:/Users/David/Downloads/Practica11/Condicion/Condicion.srcs/sources_1/new/Condicion.vhd:9]
INFO: [Synth 8-256] done synthesizing module 'Condicion' (9#1) [C:/Users/David/Downloads/Practica11/Condicion/Condicion.srcs/sources_1/new/Condicion.vhd:9]
INFO: [Synth 8-3491] module 'decoIns' declared at 'C:/Users/David/Downloads/Practica11/decodificadorInst/decodificadorInst.srcs/sources_1/new/decoIns.vhd:4' bound to instance 'deco' of component 'decoIns' [C:/Users/David/Downloads/Practica11/unidadControlC/project_1.srcs/sources_1/new/unidadControlC.vhd:110]
INFO: [Synth 8-638] synthesizing module 'decoIns' [C:/Users/David/Downloads/Practica11/decodificadorInst/decodificadorInst.srcs/sources_1/new/decoIns.vhd:9]
INFO: [Synth 8-256] done synthesizing module 'decoIns' (10#1) [C:/Users/David/Downloads/Practica11/decodificadorInst/decodificadorInst.srcs/sources_1/new/decoIns.vhd:9]
INFO: [Synth 8-3491] module 'MfunCode' declared at 'C:/Users/David/Downloads/Practica11/mFunCode/mFunCode.srcs/sources_1/new/MfunCode.vhd:6' bound to instance 'fun' of component 'MfunCode' [C:/Users/David/Downloads/Practica11/unidadControlC/project_1.srcs/sources_1/new/unidadControlC.vhd:121]
INFO: [Synth 8-638] synthesizing module 'MfunCode' [C:/Users/David/Downloads/Practica11/mFunCode/mFunCode.srcs/sources_1/new/MfunCode.vhd:11]
INFO: [Synth 8-256] done synthesizing module 'MfunCode' (11#1) [C:/Users/David/Downloads/Practica11/mFunCode/mFunCode.srcs/sources_1/new/MfunCode.vhd:11]
INFO: [Synth 8-3491] module 'MopCode' declared at 'C:/Users/David/Downloads/Practica11/MopCode/MopCode.srcs/sources_1/new/MopCode.vhd:6' bound to instance 'op' of component 'MopCode' [C:/Users/David/Downloads/Practica11/unidadControlC/project_1.srcs/sources_1/new/unidadControlC.vhd:126]
INFO: [Synth 8-638] synthesizing module 'MopCode' [C:/Users/David/Downloads/Practica11/MopCode/MopCode.srcs/sources_1/new/MopCode.vhd:11]
INFO: [Synth 8-256] done synthesizing module 'MopCode' (12#1) [C:/Users/David/Downloads/Practica11/MopCode/MopCode.srcs/sources_1/new/MopCode.vhd:11]
INFO: [Synth 8-3491] module 'muxOpCode' declared at 'C:/Users/David/Downloads/Practica11/muxOpCode/muxOpCode.srcs/sources_1/new/muxOpCode.vhd:4' bound to instance 'mux2' of component 'muxOpCode' [C:/Users/David/Downloads/Practica11/unidadControlC/project_1.srcs/sources_1/new/unidadControlC.vhd:131]
INFO: [Synth 8-638] synthesizing module 'muxOpCode' [C:/Users/David/Downloads/Practica11/muxOpCode/muxOpCode.srcs/sources_1/new/muxOpCode.vhd:10]
INFO: [Synth 8-256] done synthesizing module 'muxOpCode' (13#1) [C:/Users/David/Downloads/Practica11/muxOpCode/muxOpCode.srcs/sources_1/new/muxOpCode.vhd:10]
INFO: [Synth 8-3491] module 'muxCodes' declared at 'C:/Users/David/Downloads/Practica11/muxCodes/muxCodes.srcs/sources_1/new/muxCodes.vhd:4' bound to instance 'mux' of component 'muxCodes' [C:/Users/David/Downloads/Practica11/unidadControlC/project_1.srcs/sources_1/new/unidadControlC.vhd:137]
INFO: [Synth 8-638] synthesizing module 'muxCodes' [C:/Users/David/Downloads/Practica11/muxCodes/muxCodes.srcs/sources_1/new/muxCodes.vhd:11]
INFO: [Synth 8-256] done synthesizing module 'muxCodes' (14#1) [C:/Users/David/Downloads/Practica11/muxCodes/muxCodes.srcs/sources_1/new/muxCodes.vhd:11]
INFO: [Synth 8-3491] module 'Nivel' declared at 'C:/Users/David/Downloads/Practica11/Nivel/Nivel.srcs/sources_1/new/Nivel.vhd:4' bound to instance 'niv' of component 'Nivel' [C:/Users/David/Downloads/Practica11/unidadControlC/project_1.srcs/sources_1/new/unidadControlC.vhd:144]
INFO: [Synth 8-638] synthesizing module 'Nivel' [C:/Users/David/Downloads/Practica11/Nivel/Nivel.srcs/sources_1/new/Nivel.vhd:9]
INFO: [Synth 8-256] done synthesizing module 'Nivel' (15#1) [C:/Users/David/Downloads/Practica11/Nivel/Nivel.srcs/sources_1/new/Nivel.vhd:9]
INFO: [Synth 8-3491] module 'Registro' declared at 'C:/Users/David/Downloads/Practica11/Registro/Registro.srcs/sources_1/new/Registro.vhd:4' bound to instance 'reg' of component 'Registro' [C:/Users/David/Downloads/Practica11/unidadControlC/project_1.srcs/sources_1/new/unidadControlC.vhd:152]
INFO: [Synth 8-638] synthesizing module 'Registro' [C:/Users/David/Downloads/Practica11/Registro/Registro.srcs/sources_1/new/Registro.vhd:11]
INFO: [Synth 8-256] done synthesizing module 'Registro' (16#1) [C:/Users/David/Downloads/Practica11/Registro/Registro.srcs/sources_1/new/Registro.vhd:11]
INFO: [Synth 8-256] done synthesizing module 'unidadControlC' (17#1) [C:/Users/David/Downloads/Practica11/unidadControlC/project_1.srcs/sources_1/new/unidadControlC.vhd:12]
	Parameter m bound to: 9 - type: integer 
	Parameter n bound to: 16 - type: integer 
INFO: [Synth 8-3491] module 'memData' declared at 'F:/Proyectos/Arquitectura de Computadoras/Primer Departamental/ESCOMIPS/ESCOMIPS.srcs/sources_1/new/memData.vhd:6' bound to instance 'Mem_Data' of component 'memData' [F:/Proyectos/Arquitectura de Computadoras/Primer Departamental/ESCOMIPS/ESCOMIPS.srcs/sources_1/new/ESCOMIPS.vhd:95]
INFO: [Synth 8-638] synthesizing module 'memData' [F:/Proyectos/Arquitectura de Computadoras/Primer Departamental/ESCOMIPS/ESCOMIPS.srcs/sources_1/new/memData.vhd:18]
	Parameter m bound to: 9 - type: integer 
	Parameter n bound to: 16 - type: integer 
INFO: [Synth 8-256] done synthesizing module 'memData' (18#1) [F:/Proyectos/Arquitectura de Computadoras/Primer Departamental/ESCOMIPS/ESCOMIPS.srcs/sources_1/new/memData.vhd:18]
INFO: [Synth 8-3491] module 'Multiplexor_16bits' declared at 'F:/Proyectos/Arquitectura de Computadoras/Primer Departamental/ESCOMIPS/ESCOMIPS.srcs/sources_1/new/Multiplexor_16bits.vhd:4' bound to instance 'SDMP' of component 'Multiplexor_16bits' [F:/Proyectos/Arquitectura de Computadoras/Primer Departamental/ESCOMIPS/ESCOMIPS.srcs/sources_1/new/ESCOMIPS.vhd:103]
INFO: [Synth 8-638] synthesizing module 'Multiplexor_16bits' [F:/Proyectos/Arquitectura de Computadoras/Primer Departamental/ESCOMIPS/ESCOMIPS.srcs/sources_1/new/Multiplexor_16bits.vhd:12]
INFO: [Synth 8-256] done synthesizing module 'Multiplexor_16bits' (19#1) [F:/Proyectos/Arquitectura de Computadoras/Primer Departamental/ESCOMIPS/ESCOMIPS.srcs/sources_1/new/Multiplexor_16bits.vhd:12]
INFO: [Synth 8-3491] module 'Multiplexor_4bits' declared at 'F:/Proyectos/Arquitectura de Computadoras/Primer Departamental/ESCOMIPS/ESCOMIPS.srcs/sources_1/new/Multiplexor_4bits.vhd:4' bound to instance 'SR2' of component 'Multiplexor_4bits' [F:/Proyectos/Arquitectura de Computadoras/Primer Departamental/ESCOMIPS/ESCOMIPS.srcs/sources_1/new/ESCOMIPS.vhd:110]
INFO: [Synth 8-638] synthesizing module 'Multiplexor_4bits' [F:/Proyectos/Arquitectura de Computadoras/Primer Departamental/ESCOMIPS/ESCOMIPS.srcs/sources_1/new/Multiplexor_4bits.vhd:10]
INFO: [Synth 8-256] done synthesizing module 'Multiplexor_4bits' (20#1) [F:/Proyectos/Arquitectura de Computadoras/Primer Departamental/ESCOMIPS/ESCOMIPS.srcs/sources_1/new/Multiplexor_4bits.vhd:10]
INFO: [Synth 8-3491] module 'Multiplexor_16bits' declared at 'F:/Proyectos/Arquitectura de Computadoras/Primer Departamental/ESCOMIPS/ESCOMIPS.srcs/sources_1/new/Multiplexor_16bits.vhd:4' bound to instance 'SWD' of component 'Multiplexor_16bits' [F:/Proyectos/Arquitectura de Computadoras/Primer Departamental/ESCOMIPS/ESCOMIPS.srcs/sources_1/new/ESCOMIPS.vhd:117]
INFO: [Synth 8-3491] module 'Multiplexor_16bits' declared at 'F:/Proyectos/Arquitectura de Computadoras/Primer Departamental/ESCOMIPS/ESCOMIPS.srcs/sources_1/new/Multiplexor_16bits.vhd:4' bound to instance 'SEXT' of component 'Multiplexor_16bits' [F:/Proyectos/Arquitectura de Computadoras/Primer Departamental/ESCOMIPS/ESCOMIPS.srcs/sources_1/new/ESCOMIPS.vhd:124]
INFO: [Synth 8-3491] module 'Multiplexor_16bits' declared at 'F:/Proyectos/Arquitectura de Computadoras/Primer Departamental/ESCOMIPS/ESCOMIPS.srcs/sources_1/new/Multiplexor_16bits.vhd:4' bound to instance 'SOP1' of component 'Multiplexor_16bits' [F:/Proyectos/Arquitectura de Computadoras/Primer Departamental/ESCOMIPS/ESCOMIPS.srcs/sources_1/new/ESCOMIPS.vhd:131]
INFO: [Synth 8-3491] module 'Multiplexor_16bits' declared at 'F:/Proyectos/Arquitectura de Computadoras/Primer Departamental/ESCOMIPS/ESCOMIPS.srcs/sources_1/new/Multiplexor_16bits.vhd:4' bound to instance 'SOP2' of component 'Multiplexor_16bits' [F:/Proyectos/Arquitectura de Computadoras/Primer Departamental/ESCOMIPS/ESCOMIPS.srcs/sources_1/new/ESCOMIPS.vhd:138]
INFO: [Synth 8-3491] module 'Multiplexor_16bits' declared at 'F:/Proyectos/Arquitectura de Computadoras/Primer Departamental/ESCOMIPS/ESCOMIPS.srcs/sources_1/new/Multiplexor_16bits.vhd:4' bound to instance 'SDMD' of component 'Multiplexor_16bits' [F:/Proyectos/Arquitectura de Computadoras/Primer Departamental/ESCOMIPS/ESCOMIPS.srcs/sources_1/new/ESCOMIPS.vhd:145]
INFO: [Synth 8-3491] module 'Multiplexor_16bits' declared at 'F:/Proyectos/Arquitectura de Computadoras/Primer Departamental/ESCOMIPS/ESCOMIPS.srcs/sources_1/new/Multiplexor_16bits.vhd:4' bound to instance 'SR' of component 'Multiplexor_16bits' [F:/Proyectos/Arquitectura de Computadoras/Primer Departamental/ESCOMIPS/ESCOMIPS.srcs/sources_1/new/ESCOMIPS.vhd:152]
INFO: [Synth 8-256] done synthesizing module 'ESCOMIPS' (21#1) [F:/Proyectos/Arquitectura de Computadoras/Primer Departamental/ESCOMIPS/ESCOMIPS.srcs/sources_1/new/ESCOMIPS.vhd:13]
---------------------------------------------------------------------------------
Finished Synthesize : Time (s): cpu = 00:00:07 ; elapsed = 00:00:07 . Memory (MB): peak = 1026.668 ; gain = 0.000
---------------------------------------------------------------------------------
---------------------------------------------------------------------------------
Finished Constraint Validation : Time (s): cpu = 00:00:07 ; elapsed = 00:00:08 . Memory (MB): peak = 1026.668 ; gain = 0.000
---------------------------------------------------------------------------------
---------------------------------------------------------------------------------
Start Loading Part and Timing Information
---------------------------------------------------------------------------------
Loading part: xc7a100tcsg324-1
---------------------------------------------------------------------------------
Finished Loading Part and Timing Information : Time (s): cpu = 00:00:07 ; elapsed = 00:00:08 . Memory (MB): peak = 1026.668 ; gain = 0.000
---------------------------------------------------------------------------------
INFO: [Device 21-403] Loading part xc7a100tcsg324-1
---------------------------------------------------------------------------------
Finished RTL Optimization Phase 2 : Time (s): cpu = 00:00:09 ; elapsed = 00:00:08 . Memory (MB): peak = 1026.668 ; gain = 0.000
---------------------------------------------------------------------------------
No constraint files found.
---------------------------------------------------------------------------------
Start RTL Component Statistics 
---------------------------------------------------------------------------------
Detailed RTL Component Info : 
+---Adders : 
	   2 Input   16 Bit       Adders := 1     
	   2 Input    3 Bit       Adders := 2     
+---XORs : 
	   2 Input      1 Bit         XORs := 66    
+---Registers : 
	               16 Bit    Registers := 24    
	                4 Bit    Registers := 1     
	                3 Bit    Registers := 1     
	                1 Bit    Registers := 3     
+---Muxes : 
	 512 Input   25 Bit        Muxes := 1     
	   2 Input   20 Bit        Muxes := 1     
	   2 Input   16 Bit        Muxes := 12    
	   2 Input    5 Bit        Muxes := 1     
	   2 Input    4 Bit        Muxes := 1     
	   2 Input    3 Bit        Muxes := 1     
	   2 Input    1 Bit        Muxes := 103   
	   4 Input    1 Bit        Muxes := 16    
	   8 Input    1 Bit        Muxes := 7     
---------------------------------------------------------------------------------
Finished RTL Component Statistics 
---------------------------------------------------------------------------------
---------------------------------------------------------------------------------
Start Part Resource Summary
---------------------------------------------------------------------------------
Part Resources:
DSPs: 240 (col length:80)
BRAMs: 270 (col length: RAMB18 80 RAMB36 40)
---------------------------------------------------------------------------------
Finished Part Resource Summary
---------------------------------------------------------------------------------
No constraint files found.
---------------------------------------------------------------------------------
Start Cross Boundary and Area Optimization
---------------------------------------------------------------------------------
---------------------------------------------------------------------------------
Finished Cross Boundary and Area Optimization : Time (s): cpu = 00:00:41 ; elapsed = 00:00:42 . Memory (MB): peak = 1132.070 ; gain = 105.402
---------------------------------------------------------------------------------
---------------------------------------------------------------------------------
Start ROM, RAM, DSP and Shift Register Reporting
---------------------------------------------------------------------------------

Distributed RAM: Preliminary Mapping	Report (see note below)
+------------+------------------+-----------+----------------------+-----------------+
|Module Name | RTL Object       | Inference | Size (Depth x Width) | Primitives      | 
+------------+------------------+-----------+----------------------+-----------------+
|ESCOMIPS    | Mem_Data/aux_reg | Implied   | 512 x 16             | RAM256X1S x 32	 | 
+------------+------------------+-----------+----------------------+-----------------+

Note: The table above is a preliminary report that shows the Distributed RAMs at the current stage of the synthesis flow. Some Distributed RAMs may be reimplemented as non Distributed RAM primitives later in the synthesis flow. Multiple instantiated RAMs are reported only once.
---------------------------------------------------------------------------------
Finished ROM, RAM, DSP and Shift Register Reporting
---------------------------------------------------------------------------------
No constraint files found.
---------------------------------------------------------------------------------
Start Timing Optimization
---------------------------------------------------------------------------------
---------------------------------------------------------------------------------
Finished Timing Optimization : Time (s): cpu = 00:00:42 ; elapsed = 00:00:42 . Memory (MB): peak = 1132.070 ; gain = 105.402
---------------------------------------------------------------------------------
---------------------------------------------------------------------------------
Start ROM, RAM, DSP and Shift Register Reporting
---------------------------------------------------------------------------------

Distributed RAM: Final Mapping	Report
+------------+------------------+-----------+----------------------+-----------------+
|Module Name | RTL Object       | Inference | Size (Depth x Width) | Primitives      | 
+------------+------------------+-----------+----------------------+-----------------+
|ESCOMIPS    | Mem_Data/aux_reg | Implied   | 512 x 16             | RAM256X1S x 32	 | 
+------------+------------------+-----------+----------------------+-----------------+

---------------------------------------------------------------------------------
Finished ROM, RAM, DSP and Shift Register Reporting
---------------------------------------------------------------------------------
---------------------------------------------------------------------------------
Start Technology Mapping
---------------------------------------------------------------------------------
---------------------------------------------------------------------------------
Finished Technology Mapping : Time (s): cpu = 00:00:42 ; elapsed = 00:00:43 . Memory (MB): peak = 1132.070 ; gain = 105.402
---------------------------------------------------------------------------------
---------------------------------------------------------------------------------
Start IO Insertion
---------------------------------------------------------------------------------
---------------------------------------------------------------------------------
Start Flattening Before IO Insertion
---------------------------------------------------------------------------------
---------------------------------------------------------------------------------
Finished Flattening Before IO Insertion
---------------------------------------------------------------------------------
---------------------------------------------------------------------------------
Start Final Netlist Cleanup
---------------------------------------------------------------------------------
---------------------------------------------------------------------------------
Finished Final Netlist Cleanup
---------------------------------------------------------------------------------
---------------------------------------------------------------------------------
Finished IO Insertion : Time (s): cpu = 00:00:46 ; elapsed = 00:00:46 . Memory (MB): peak = 1132.070 ; gain = 105.402
---------------------------------------------------------------------------------
---------------------------------------------------------------------------------
Start Renaming Generated Instances
---------------------------------------------------------------------------------
---------------------------------------------------------------------------------
Finished Renaming Generated Instances : Time (s): cpu = 00:00:46 ; elapsed = 00:00:46 . Memory (MB): peak = 1132.070 ; gain = 105.402
---------------------------------------------------------------------------------
---------------------------------------------------------------------------------
Start Rebuilding User Hierarchy
---------------------------------------------------------------------------------
---------------------------------------------------------------------------------
Finished Rebuilding User Hierarchy : Time (s): cpu = 00:00:46 ; elapsed = 00:00:46 . Memory (MB): peak = 1132.070 ; gain = 105.402
---------------------------------------------------------------------------------
---------------------------------------------------------------------------------
Start Renaming Generated Ports
---------------------------------------------------------------------------------
---------------------------------------------------------------------------------
Finished Renaming Generated Ports : Time (s): cpu = 00:00:46 ; elapsed = 00:00:46 . Memory (MB): peak = 1132.070 ; gain = 105.402
---------------------------------------------------------------------------------
---------------------------------------------------------------------------------
Start Handling Custom Attributes
---------------------------------------------------------------------------------
---------------------------------------------------------------------------------
Finished Handling Custom Attributes : Time (s): cpu = 00:00:46 ; elapsed = 00:00:46 . Memory (MB): peak = 1132.070 ; gain = 105.402
---------------------------------------------------------------------------------
---------------------------------------------------------------------------------
Start Renaming Generated Nets
---------------------------------------------------------------------------------
---------------------------------------------------------------------------------
Finished Renaming Generated Nets : Time (s): cpu = 00:00:46 ; elapsed = 00:00:46 . Memory (MB): peak = 1132.070 ; gain = 105.402
---------------------------------------------------------------------------------
---------------------------------------------------------------------------------
Start Writing Synthesis Report
---------------------------------------------------------------------------------

Report BlackBoxes: 
+-+--------------+----------+
| |BlackBox name |Instances |
+-+--------------+----------+
+-+--------------+----------+

Report Cell Usage: 
+------+----------+------+
|      |Cell      |Count |
+------+----------+------+
|1     |BUFG      |     1|
|2     |CARRY4    |     4|
|3     |LUT1      |    24|
|4     |LUT2      |    33|
|5     |LUT3      |    40|
|6     |LUT4      |    43|
|7     |LUT5      |    95|
|8     |LUT6      |   198|
|9     |MUXF7     |    22|
|10    |RAM256X1S |    32|
|11    |FDCE      |   230|
|12    |FDRE      |     1|
|13    |IBUF      |     2|
|14    |OBUF      |   105|
+------+----------+------+

Report Instance Areas: 
+------+-----------+---------------+------+
|      |Instance   |Module         |Cells |
+------+-----------+---------------+------+
|1     |top        |               |   830|
|2     |  Mem_Data |memData        |    34|
|3     |  Arch_Reg |Registro16     |   216|
|4     |  STACK    |pila           |   458|
|5     |  UC       |unidadControlC |    13|
|6     |    niv    |Nivel          |    12|
|7     |    \reg   |Registro       |     1|
+------+-----------+---------------+------+
---------------------------------------------------------------------------------
Finished Writing Synthesis Report : Time (s): cpu = 00:00:46 ; elapsed = 00:00:46 . Memory (MB): peak = 1132.070 ; gain = 105.402
---------------------------------------------------------------------------------
Synthesis finished with 0 errors, 0 critical warnings and 0 warnings.
Synthesis Optimization Runtime : Time (s): cpu = 00:00:46 ; elapsed = 00:00:46 . Memory (MB): peak = 1132.070 ; gain = 105.402
Synthesis Optimization Complete : Time (s): cpu = 00:00:46 ; elapsed = 00:00:46 . Memory (MB): peak = 1132.070 ; gain = 105.402
INFO: [Project 1-571] Translating synthesized netlist
Netlist sorting complete. Time (s): cpu = 00:00:00 ; elapsed = 00:00:00.010 . Memory (MB): peak = 1132.070 ; gain = 0.000
INFO: [Netlist 29-17] Analyzing 58 Unisim elements for replacement
INFO: [Netlist 29-28] Unisim Transformation completed in 0 CPU seconds
INFO: [Project 1-570] Preparing netlist for logic optimization
INFO: [Opt 31-138] Pushed 0 inverter(s) to 0 load pin(s).
Netlist sorting complete. Time (s): cpu = 00:00:00 ; elapsed = 00:00:00.001 . Memory (MB): peak = 1132.070 ; gain = 0.000
INFO: [Project 1-111] Unisim Transformation Summary:
  A total of 32 instances were transformed.
  RAM256X1S => RAM256X1S (MUXF7(x2), MUXF8, RAMS64E(x4)): 32 instances

INFO: [Common 17-83] Releasing license: Synthesis
95 Infos, 0 Warnings, 0 Critical Warnings and 0 Errors encountered.
synth_design completed successfully
synth_design: Time (s): cpu = 00:00:50 ; elapsed = 00:00:50 . Memory (MB): peak = 1132.070 ; gain = 105.402
INFO: [Common 17-1381] The checkpoint 'F:/Proyectos/Arquitectura de Computadoras/Primer Departamental/ESCOMIPS/ESCOMIPS.runs/synth_1/ESCOMIPS.dcp' has been generated.
INFO: [runtcl-4] Executing : report_utilization -file ESCOMIPS_utilization_synth.rpt -pb ESCOMIPS_utilization_synth.pb
INFO: [Common 17-206] Exiting Vivado at Fri Jan 29 16:23:12 2021...
